running egg_info
creating build/my_modbus_pkg/my_modbus_pkg.egg-info
writing build/my_modbus_pkg/my_modbus_pkg.egg-info/PKG-INFO
writing dependency_links to build/my_modbus_pkg/my_modbus_pkg.egg-info/dependency_links.txt
writing entry points to build/my_modbus_pkg/my_modbus_pkg.egg-info/entry_points.txt
writing requirements to build/my_modbus_pkg/my_modbus_pkg.egg-info/requires.txt
writing top-level names to build/my_modbus_pkg/my_modbus_pkg.egg-info/top_level.txt
writing manifest file 'build/my_modbus_pkg/my_modbus_pkg.egg-info/SOURCES.txt'
reading manifest file 'build/my_modbus_pkg/my_modbus_pkg.egg-info/SOURCES.txt'
writing manifest file 'build/my_modbus_pkg/my_modbus_pkg.egg-info/SOURCES.txt'
running build
running build_py
creating /home/dynaspede/Desktop/my_modbus_pkg/build/my_modbus_pkg/build
creating /home/dynaspede/Desktop/my_modbus_pkg/build/my_modbus_pkg/build/lib
creating /home/dynaspede/Desktop/my_modbus_pkg/build/my_modbus_pkg/build/lib/my_modbus_pkg
copying my_modbus_pkg/modbus_comm.py -> /home/dynaspede/Desktop/my_modbus_pkg/build/my_modbus_pkg/build/lib/my_modbus_pkg
copying my_modbus_pkg/__init__.py -> /home/dynaspede/Desktop/my_modbus_pkg/build/my_modbus_pkg/build/lib/my_modbus_pkg
running install
running install_lib
creating /home/dynaspede/Desktop/my_modbus_pkg/install/my_modbus_pkg/lib/python3.10/site-packages/my_modbus_pkg
copying /home/dynaspede/Desktop/my_modbus_pkg/build/my_modbus_pkg/build/lib/my_modbus_pkg/modbus_comm.py -> /home/dynaspede/Desktop/my_modbus_pkg/install/my_modbus_pkg/lib/python3.10/site-packages/my_modbus_pkg
copying /home/dynaspede/Desktop/my_modbus_pkg/build/my_modbus_pkg/build/lib/my_modbus_pkg/__init__.py -> /home/dynaspede/Desktop/my_modbus_pkg/install/my_modbus_pkg/lib/python3.10/site-packages/my_modbus_pkg
byte-compiling /home/dynaspede/Desktop/my_modbus_pkg/install/my_modbus_pkg/lib/python3.10/site-packages/my_modbus_pkg/modbus_comm.py to modbus_comm.cpython-310.pyc
byte-compiling /home/dynaspede/Desktop/my_modbus_pkg/install/my_modbus_pkg/lib/python3.10/site-packages/my_modbus_pkg/__init__.py to __init__.cpython-310.pyc
running install_data
creating /home/dynaspede/Desktop/my_modbus_pkg/install/my_modbus_pkg/share/ament_index
creating /home/dynaspede/Desktop/my_modbus_pkg/install/my_modbus_pkg/share/ament_index/resource_index
creating /home/dynaspede/Desktop/my_modbus_pkg/install/my_modbus_pkg/share/ament_index/resource_index/packages
copying resource/my_modbus_pkg -> /home/dynaspede/Desktop/my_modbus_pkg/install/my_modbus_pkg/share/ament_index/resource_index/packages
copying package.xml -> /home/dynaspede/Desktop/my_modbus_pkg/install/my_modbus_pkg/share/my_modbus_pkg
running install_egg_info
Copying build/my_modbus_pkg/my_modbus_pkg.egg-info to /home/dynaspede/Desktop/my_modbus_pkg/install/my_modbus_pkg/lib/python3.10/site-packages/my_modbus_pkg-0.0.0-py3.10.egg-info
running install_scripts
Installing modbus_comm script to /home/dynaspede/Desktop/my_modbus_pkg/install/my_modbus_pkg/lib/my_modbus_pkg
writing list of installed files to '/home/dynaspede/Desktop/my_modbus_pkg/build/my_modbus_pkg/install.log'
