[0.403s] Invoking command in '/home/dynaspede/Desktop/my_modbus_pkg': PYTHONPATH=/home/dynaspede/Desktop/my_modbus_pkg/build/my_modbus_pkg/prefix_override:/home/dynaspede/.local/lib/python3.10/site-packages/colcon_core/task/python/colcon_distutils_commands:/home/dynaspede/Desktop/my_modbus_pkg/install/my_modbus_pkg/lib/python3.10/site-packages:${PYTHONPATH} /usr/bin/python3 -W ignore:setup.py install is deprecated setup.py egg_info --egg-base build/my_modbus_pkg build --build-base /home/dynaspede/Desktop/my_modbus_pkg/build/my_modbus_pkg/build install --record /home/dynaspede/Desktop/my_modbus_pkg/build/my_modbus_pkg/install.log --single-version-externally-managed install_data
[0.552s] running egg_info
[0.553s] writing build/my_modbus_pkg/my_modbus_pkg.egg-info/PKG-INFO
[0.553s] writing dependency_links to build/my_modbus_pkg/my_modbus_pkg.egg-info/dependency_links.txt
[0.553s] writing entry points to build/my_modbus_pkg/my_modbus_pkg.egg-info/entry_points.txt
[0.553s] writing requirements to build/my_modbus_pkg/my_modbus_pkg.egg-info/requires.txt
[0.553s] writing top-level names to build/my_modbus_pkg/my_modbus_pkg.egg-info/top_level.txt
[0.555s] reading manifest file 'build/my_modbus_pkg/my_modbus_pkg.egg-info/SOURCES.txt'
[0.555s] writing manifest file 'build/my_modbus_pkg/my_modbus_pkg.egg-info/SOURCES.txt'
[0.556s] running build
[0.556s] running build_py
[0.556s] copying my_modbus_pkg/modbus_comm9.py -> /home/dynaspede/Desktop/my_modbus_pkg/build/my_modbus_pkg/build/lib/my_modbus_pkg
[0.556s] running install
[0.556s] running install_lib
[0.557s] copying /home/dynaspede/Desktop/my_modbus_pkg/build/my_modbus_pkg/build/lib/my_modbus_pkg/modbus_comm9.py -> /home/dynaspede/Desktop/my_modbus_pkg/install/my_modbus_pkg/lib/python3.10/site-packages/my_modbus_pkg
[0.558s] byte-compiling /home/dynaspede/Desktop/my_modbus_pkg/install/my_modbus_pkg/lib/python3.10/site-packages/my_modbus_pkg/modbus_comm9.py to modbus_comm9.cpython-310.pyc
[0.559s] running install_data
[0.559s] running install_egg_info
[0.561s] removing '/home/dynaspede/Desktop/my_modbus_pkg/install/my_modbus_pkg/lib/python3.10/site-packages/my_modbus_pkg-0.0.0-py3.10.egg-info' (and everything under it)
[0.561s] Copying build/my_modbus_pkg/my_modbus_pkg.egg-info to /home/dynaspede/Desktop/my_modbus_pkg/install/my_modbus_pkg/lib/python3.10/site-packages/my_modbus_pkg-0.0.0-py3.10.egg-info
[0.562s] running install_scripts
[0.575s] Installing modbus1_comm script to /home/dynaspede/Desktop/my_modbus_pkg/install/my_modbus_pkg/lib/my_modbus_pkg
[0.576s] Installing modbus_comm script to /home/dynaspede/Desktop/my_modbus_pkg/install/my_modbus_pkg/lib/my_modbus_pkg
[0.576s] Installing modbus_comm2 script to /home/dynaspede/Desktop/my_modbus_pkg/install/my_modbus_pkg/lib/my_modbus_pkg
[0.576s] Installing modbus_comm3 script to /home/dynaspede/Desktop/my_modbus_pkg/install/my_modbus_pkg/lib/my_modbus_pkg
[0.576s] Installing modbus_comm4 script to /home/dynaspede/Desktop/my_modbus_pkg/install/my_modbus_pkg/lib/my_modbus_pkg
[0.576s] Installing modbus_comm5 script to /home/dynaspede/Desktop/my_modbus_pkg/install/my_modbus_pkg/lib/my_modbus_pkg
[0.576s] Installing modbus_comm6 script to /home/dynaspede/Desktop/my_modbus_pkg/install/my_modbus_pkg/lib/my_modbus_pkg
[0.576s] Installing modbus_comm7 script to /home/dynaspede/Desktop/my_modbus_pkg/install/my_modbus_pkg/lib/my_modbus_pkg
[0.576s] Installing modbus_comm8 script to /home/dynaspede/Desktop/my_modbus_pkg/install/my_modbus_pkg/lib/my_modbus_pkg
[0.576s] Installing modbus_comm9 script to /home/dynaspede/Desktop/my_modbus_pkg/install/my_modbus_pkg/lib/my_modbus_pkg
[0.576s] Installing modbus_comm_joy script to /home/dynaspede/Desktop/my_modbus_pkg/install/my_modbus_pkg/lib/my_modbus_pkg
[0.577s] writing list of installed files to '/home/dynaspede/Desktop/my_modbus_pkg/build/my_modbus_pkg/install.log'
[0.590s] Invoked command in '/home/dynaspede/Desktop/my_modbus_pkg' returned '0': PYTHONPATH=/home/dynaspede/Desktop/my_modbus_pkg/build/my_modbus_pkg/prefix_override:/home/dynaspede/.local/lib/python3.10/site-packages/colcon_core/task/python/colcon_distutils_commands:/home/dynaspede/Desktop/my_modbus_pkg/install/my_modbus_pkg/lib/python3.10/site-packages:${PYTHONPATH} /usr/bin/python3 -W ignore:setup.py install is deprecated setup.py egg_info --egg-base build/my_modbus_pkg build --build-base /home/dynaspede/Desktop/my_modbus_pkg/build/my_modbus_pkg/build install --record /home/dynaspede/Desktop/my_modbus_pkg/build/my_modbus_pkg/install.log --single-version-externally-managed install_data
