[0.444s] Invoking command in '/home/dynaspede/Desktop/my_modbus_pkg': PYTHONPATH=/home/dynaspede/Desktop/my_modbus_pkg/build/my_modbus_pkg/prefix_override:/home/dynaspede/.local/lib/python3.10/site-packages/colcon_core/task/python/colcon_distutils_commands:/home/dynaspede/Desktop/my_modbus_pkg/install/my_modbus_pkg/lib/python3.10/site-packages:${PYTHONPATH} /usr/bin/python3 -W ignore:setup.py install is deprecated setup.py egg_info --egg-base build/my_modbus_pkg build --build-base /home/dynaspede/Desktop/my_modbus_pkg/build/my_modbus_pkg/build install --record /home/dynaspede/Desktop/my_modbus_pkg/build/my_modbus_pkg/install.log --single-version-externally-managed install_data
[0.612s] running egg_info
[0.612s] writing build/my_modbus_pkg/my_modbus_pkg.egg-info/PKG-INFO
[0.613s] writing dependency_links to build/my_modbus_pkg/my_modbus_pkg.egg-info/dependency_links.txt
[0.613s] writing entry points to build/my_modbus_pkg/my_modbus_pkg.egg-info/entry_points.txt
[0.613s] writing requirements to build/my_modbus_pkg/my_modbus_pkg.egg-info/requires.txt
[0.613s] writing top-level names to build/my_modbus_pkg/my_modbus_pkg.egg-info/top_level.txt
[0.614s] reading manifest file 'build/my_modbus_pkg/my_modbus_pkg.egg-info/SOURCES.txt'
[0.615s] writing manifest file 'build/my_modbus_pkg/my_modbus_pkg.egg-info/SOURCES.txt'
[0.615s] running build
[0.615s] running build_py
[0.615s] copying my_modbus_pkg/modbus_comm8.py -> /home/dynaspede/Desktop/my_modbus_pkg/build/my_modbus_pkg/build/lib/my_modbus_pkg
[0.616s] running install
[0.616s] running install_lib
[0.617s] copying /home/dynaspede/Desktop/my_modbus_pkg/build/my_modbus_pkg/build/lib/my_modbus_pkg/modbus_comm8.py -> /home/dynaspede/Desktop/my_modbus_pkg/install/my_modbus_pkg/lib/python3.10/site-packages/my_modbus_pkg
[0.618s] byte-compiling /home/dynaspede/Desktop/my_modbus_pkg/install/my_modbus_pkg/lib/python3.10/site-packages/my_modbus_pkg/modbus_comm8.py to modbus_comm8.cpython-310.pyc
[0.619s] running install_data
[0.619s] running install_egg_info
[0.620s] removing '/home/dynaspede/Desktop/my_modbus_pkg/install/my_modbus_pkg/lib/python3.10/site-packages/my_modbus_pkg-0.0.0-py3.10.egg-info' (and everything under it)
[0.621s] Copying build/my_modbus_pkg/my_modbus_pkg.egg-info to /home/dynaspede/Desktop/my_modbus_pkg/install/my_modbus_pkg/lib/python3.10/site-packages/my_modbus_pkg-0.0.0-py3.10.egg-info
[0.621s] running install_scripts
[0.638s] Installing modbus1_comm script to /home/dynaspede/Desktop/my_modbus_pkg/install/my_modbus_pkg/lib/my_modbus_pkg
[0.639s] Installing modbus_comm script to /home/dynaspede/Desktop/my_modbus_pkg/install/my_modbus_pkg/lib/my_modbus_pkg
[0.639s] Installing modbus_comm10 script to /home/dynaspede/Desktop/my_modbus_pkg/install/my_modbus_pkg/lib/my_modbus_pkg
[0.639s] Installing modbus_comm11 script to /home/dynaspede/Desktop/my_modbus_pkg/install/my_modbus_pkg/lib/my_modbus_pkg
[0.639s] Installing modbus_comm2 script to /home/dynaspede/Desktop/my_modbus_pkg/install/my_modbus_pkg/lib/my_modbus_pkg
[0.639s] Installing modbus_comm3 script to /home/dynaspede/Desktop/my_modbus_pkg/install/my_modbus_pkg/lib/my_modbus_pkg
[0.639s] Installing modbus_comm4 script to /home/dynaspede/Desktop/my_modbus_pkg/install/my_modbus_pkg/lib/my_modbus_pkg
[0.639s] Installing modbus_comm5 script to /home/dynaspede/Desktop/my_modbus_pkg/install/my_modbus_pkg/lib/my_modbus_pkg
[0.639s] Installing modbus_comm6 script to /home/dynaspede/Desktop/my_modbus_pkg/install/my_modbus_pkg/lib/my_modbus_pkg
[0.639s] Installing modbus_comm7 script to /home/dynaspede/Desktop/my_modbus_pkg/install/my_modbus_pkg/lib/my_modbus_pkg
[0.639s] Installing modbus_comm8 script to /home/dynaspede/Desktop/my_modbus_pkg/install/my_modbus_pkg/lib/my_modbus_pkg
[0.639s] Installing modbus_comm9 script to /home/dynaspede/Desktop/my_modbus_pkg/install/my_modbus_pkg/lib/my_modbus_pkg
[0.639s] writing list of installed files to '/home/dynaspede/Desktop/my_modbus_pkg/build/my_modbus_pkg/install.log'
[0.658s] Invoked command in '/home/dynaspede/Desktop/my_modbus_pkg' returned '0': PYTHONPATH=/home/dynaspede/Desktop/my_modbus_pkg/build/my_modbus_pkg/prefix_override:/home/dynaspede/.local/lib/python3.10/site-packages/colcon_core/task/python/colcon_distutils_commands:/home/dynaspede/Desktop/my_modbus_pkg/install/my_modbus_pkg/lib/python3.10/site-packages:${PYTHONPATH} /usr/bin/python3 -W ignore:setup.py install is deprecated setup.py egg_info --egg-base build/my_modbus_pkg build --build-base /home/dynaspede/Desktop/my_modbus_pkg/build/my_modbus_pkg/build install --record /home/dynaspede/Desktop/my_modbus_pkg/build/my_modbus_pkg/install.log --single-version-externally-managed install_data
